
开始执行 Ralph QA 批量处理任务。首先初始化环境，然后从 week_06 开始逐个处理。


⚡ [Bash]




⚡ [Bash]




⚡ [Bash]




⚡ [Bash]


环境已就绪（Java 17.0.9 + Maven 3.9.12）。现在开始对 week_06 进行 QA 审核。


⚡ [Skill]


理解了。我将执行 **QA-only 模式**，只运行阶段 5（QA）和阶段 6（收敛）来处理 week_06。

让我先了解 week_06 的当前状态。


⚡ [Bash]




⚡ [Read]


现有 QA_REPORT 显示所有问题已修复。但按照 Ralph 指令，我需要**重新进行完整 QA 审核**，不看现有结论。

让我先运行验证脚本检查当前状态，然后调用 QA agents 进行全新审核。


⚡ [TodoWrite]




⚡ [Bash]


验证通过。现在调用双视角 QA agents 进行全新审核。


⚡ [Task]



⚡ [Task]


收到双视角 QA 结果。发现以下问题：

**Technical Reviewer**：
- S1: `findBook` → `findByIsbn` 方法名不一致（多处）
- S2: ASSIGNMENT.md 要求测试不存在的方法
- S3: RUBRIC.md 引用不存在方法、ANCHORS.yml 描述不精确
- S4: 注释描述不够准确

**Student QA**：
- 总分 17/20（未达标 18 分）
- B1: 参考链接日期不一致
- B2: 下周预告内容错误（TDD → 持久化）
- B3: ASSIGNMENT 截止日期过期


⚡ [TodoWrite]


开始修复。先处理 S1 致命问题：`findBook` → `findByIsbn`


⚡ [Grep]




⚡ [Grep]




⚡ [Edit]




⚡ [Read]


现在修复 S1 问题：将所有 `findBook` 替换为 `findByIsbn`


⚡ [Edit]




⚡ [TodoWrite]


修复 B2：下周预告内容错误。先查看 SYLLABUS.md 确认 Week 07 主题。


⚡ [Grep]


确认 Week 07 是"持久化与数据完整性"，不是 TDD。修复 CHAPTER.md 第 733 行。


⚡ [Read]




⚡ [Edit]




⚡ [TodoWrite]


修复 B1：统一参考链接日期为 2026-02-25


⚡ [Edit]




⚡ [TodoWrite]




⚡ [Read]




⚡ [Grep]


现在修复 ASSIGNMENT.md 中的问题。


⚡ [Edit]




⚡ [Edit]




⚡ [Edit]




⚡ [Grep]




⚡ [TodoWrite]




⚡ [Read]




⚡ [Edit]




⚡ [TodoWrite]




⚡ [Read]




⚡ [Edit]




⚡ [TodoWrite]




⚡ [Read]


让我检查 CHAPTER.md 中的参数化测试注释是否需要更新。


⚡ [Read]


注释已经足够清晰。让我更新示例文件中的方法名以保持一致性，然后运行验证。


⚡ [Edit]




⚡ [TodoWrite]


运行验证和测试。


⚡ [Bash]



⚡ [Bash]


YAML 解析错误 - 冒号需要引号转义。


⚡ [Read]

